2015-01-13 14:14:23  INFO Log4jTest:13 - This is info message.
2015-01-13 14:14:23 ERROR Log4jTest:15 - This is error message.
2015-01-13 14:15:52  INFO Log4jTest:15 - This is info message.
2015-01-13 14:15:52 ERROR Log4jTest:17 - This is error message.
2015-01-13 14:16:28  INFO Log4jTest:15 - This is info message.
2015-01-13 14:16:28 ERROR Log4jTest:17 - This is error message.
2015-01-13 14:16:54  INFO Log4jTest:15 - This is info message.
2015-01-13 14:16:54 ERROR Log4jTest:17 - This is error message.
2015-01-13 14:17:21  INFO Log4jTest:15 - This is info message.
2015-01-13 14:17:21 ERROR Log4jTest:17 - This is error message.
2015-01-13 14:28:46  INFO Log4jTest:13 - This is info message.
2015-01-13 14:28:46 ERROR Log4jTest:15 - This is error message.
2015-01-13 14:32:37  INFO ClassPathXmlApplicationContext:513 - Refreshing org.springframework.context.support.ClassPathXmlApplicationContext@233c0b17: startup date [Tue Jan 13 14:32:37 CST 2015]; root of context hierarchy
2015-01-13 14:32:37  INFO XmlBeanDefinitionReader:316 - Loading XML bean definitions from class path resource [ApplicationContext.xml]
2015-01-13 14:32:41  INFO HibernateTransactionManager:339 - Using DataSource [org.apache.commons.dbcp.BasicDataSource@75b25825] of Hibernate SessionFactory for HibernateTransactionManager
2015-01-13 14:32:43 ERROR SqlExceptionHelper:147 - Cannot create PoolableConnectionFactory (Communications link failure due to underlying exception: 

** BEGIN NESTED EXCEPTION ** 

java.net.ConnectException
MESSAGE: Connection refused: connect

STACKTRACE:

java.net.ConnectException: Connection refused: connect
	at java.net.DualStackPlainSocketImpl.connect0(Native Method)
	at java.net.DualStackPlainSocketImpl.socketConnect(DualStackPlainSocketImpl.java:79)
	at java.net.AbstractPlainSocketImpl.doConnect(AbstractPlainSocketImpl.java:345)
	at java.net.AbstractPlainSocketImpl.connectToAddress(AbstractPlainSocketImpl.java:206)
	at java.net.AbstractPlainSocketImpl.connect(AbstractPlainSocketImpl.java:188)
	at java.net.PlainSocketImpl.connect(PlainSocketImpl.java:172)
	at java.net.SocksSocketImpl.connect(SocksSocketImpl.java:392)
	at java.net.Socket.connect(Socket.java:589)
	at java.net.Socket.connect(Socket.java:538)
	at java.net.Socket.<init>(Socket.java:434)
	at java.net.Socket.<init>(Socket.java:244)
	at com.mysql.jdbc.StandardSocketFactory.connect(StandardSocketFactory.java:173)
	at com.mysql.jdbc.MysqlIO.<init>(MysqlIO.java:267)
	at com.mysql.jdbc.Connection.createNewIO(Connection.java:2739)
	at com.mysql.jdbc.Connection.<init>(Connection.java:1553)
	at com.mysql.jdbc.NonRegisteringDriver.connect(NonRegisteringDriver.java:266)
	at org.apache.commons.dbcp.DriverConnectionFactory.createConnection(DriverConnectionFactory.java:38)
	at org.apache.commons.dbcp.PoolableConnectionFactory.makeObject(PoolableConnectionFactory.java:582)
	at org.apache.commons.dbcp.BasicDataSource.validateConnectionFactory(BasicDataSource.java:1556)
	at org.apache.commons.dbcp.BasicDataSource.createPoolableConnectionFactory(BasicDataSource.java:1545)
	at org.apache.commons.dbcp.BasicDataSource.createDataSource(BasicDataSource.java:1388)
	at org.apache.commons.dbcp.BasicDataSource.getConnection(BasicDataSource.java:1044)
	at org.hibernate.service.jdbc.connections.internal.DatasourceConnectionProviderImpl.getConnection(DatasourceConnectionProviderImpl.java:141)
	at org.hibernate.internal.AbstractSessionImpl$NonContextualJdbcConnectionAccess.obtainConnection(AbstractSessionImpl.java:292)
	at org.hibernate.engine.jdbc.internal.LogicalConnectionImpl.obtainConnection(LogicalConnectionImpl.java:214)
	at org.hibernate.engine.jdbc.internal.LogicalConnectionImpl.getConnection(LogicalConnectionImpl.java:157)
	at org.hibernate.engine.jdbc.internal.StatementPreparerImpl.connection(StatementPreparerImpl.java:56)
	at org.hibernate.engine.jdbc.internal.StatementPreparerImpl$5.doPrepare(StatementPreparerImpl.java:161)
	at org.hibernate.engine.jdbc.internal.StatementPreparerImpl$StatementPreparationTemplate.prepareStatement(StatementPreparerImpl.java:182)
	at org.hibernate.engine.jdbc.internal.StatementPreparerImpl.prepareQueryStatement(StatementPreparerImpl.java:159)
	at org.hibernate.loader.Loader.prepareQueryStatement(Loader.java:1859)
	at org.hibernate.loader.Loader.executeQueryStatement(Loader.java:1836)
	at org.hibernate.loader.Loader.executeQueryStatement(Loader.java:1816)
	at org.hibernate.loader.Loader.doQuery(Loader.java:900)
	at org.hibernate.loader.Loader.doQueryAndInitializeNonLazyCollections(Loader.java:342)
	at org.hibernate.loader.Loader.doQueryAndInitializeNonLazyCollections(Loader.java:312)
	at org.hibernate.loader.Loader.loadEntity(Loader.java:2121)
	at org.hibernate.loader.entity.AbstractEntityLoader.load(AbstractEntityLoader.java:82)
	at org.hibernate.loader.entity.AbstractEntityLoader.load(AbstractEntityLoader.java:72)
	at org.hibernate.persister.entity.AbstractEntityPersister.load(AbstractEntityPersister.java:3927)
	at org.hibernate.event.internal.DefaultLoadEventListener.loadFromDatasource(DefaultLoadEventListener.java:460)
	at org.hibernate.event.internal.DefaultLoadEventListener.doLoad(DefaultLoadEventListener.java:429)
	at org.hibernate.event.internal.DefaultLoadEventListener.load(DefaultLoadEventListener.java:206)
	at org.hibernate.event.internal.DefaultLoadEventListener.proxyOrLoad(DefaultLoadEventListener.java:262)
	at org.hibernate.event.internal.DefaultLoadEventListener.onLoad(DefaultLoadEventListener.java:150)
	at org.hibernate.internal.SessionImpl.fireLoad(SessionImpl.java:1092)
	at org.hibernate.internal.SessionImpl.access$2000(SessionImpl.java:175)
	at org.hibernate.internal.SessionImpl$IdentifierLoadAccessImpl.load(SessionImpl.java:2476)
	at org.hibernate.internal.SessionImpl.get(SessionImpl.java:988)
	at org.springframework.orm.hibernate4.HibernateTemplate$1.doInHibernate(HibernateTemplate.java:426)
	at org.springframework.orm.hibernate4.HibernateTemplate.doExecute(HibernateTemplate.java:340)
	at org.springframework.orm.hibernate4.HibernateTemplate.executeWithNativeSession(HibernateTemplate.java:308)
	at org.springframework.orm.hibernate4.HibernateTemplate.get(HibernateTemplate.java:418)
	at org.springframework.orm.hibernate4.HibernateTemplate.get(HibernateTemplate.java:411)
	at com.bjgydx.graduate.common.BasicDao.get(BasicDao.java:51)
	at com.bjgydx.graduate.dao.Impl.UserDaoImpl.get(UserDaoImpl.java:1)
	at com.bjgydx.graduate.service.Impl.UserServiceImpl.getUser(UserServiceImpl.java:25)
	at sun.reflect.NativeMethodAccessorImpl.invoke0(Native Method)
	at sun.reflect.NativeMethodAccessorImpl.invoke(NativeMethodAccessorImpl.java:62)
	at sun.reflect.DelegatingMethodAccessorImpl.invoke(DelegatingMethodAccessorImpl.java:43)
	at java.lang.reflect.Method.invoke(Method.java:483)
	at org.springframework.aop.support.AopUtils.invokeJoinpointUsingReflection(AopUtils.java:317)
	at org.springframework.aop.framework.ReflectiveMethodInvocation.invokeJoinpoint(ReflectiveMethodInvocation.java:190)
	at org.springframework.aop.framework.ReflectiveMethodInvocation.proceed(ReflectiveMethodInvocation.java:157)
	at org.springframework.transaction.interceptor.TransactionInterceptor$1.proceedWithInvocation(TransactionInterceptor.java:98)
	at org.springframework.transaction.interceptor.TransactionAspectSupport.invokeWithinTransaction(TransactionAspectSupport.java:262)
	at org.springframework.transaction.interceptor.TransactionInterceptor.invoke(TransactionInterceptor.java:95)
	at org.springframework.aop.framework.ReflectiveMethodInvocation.proceed(ReflectiveMethodInvocation.java:179)
	at org.springframework.aop.interceptor.ExposeInvocationInterceptor.invoke(ExposeInvocationInterceptor.java:92)
	at org.springframework.aop.framework.ReflectiveMethodInvocation.proceed(ReflectiveMethodInvocation.java:179)
	at org.springframework.aop.framework.JdkDynamicAopProxy.invoke(JdkDynamicAopProxy.java:207)
	at com.sun.proxy.$Proxy16.getUser(Unknown Source)
	at com.bjgydx.graduate.service.UserServiceTest.testSaveOrUpdate(UserServiceTest.java:22)
	at sun.reflect.NativeMethodAccessorImpl.invoke0(Native Method)
	at sun.reflect.NativeMethodAccessorImpl.invoke(NativeMethodAccessorImpl.java:62)
	at sun.reflect.DelegatingMethodAccessorImpl.invoke(DelegatingMethodAccessorImpl.java:43)
	at java.lang.reflect.Method.invoke(Method.java:483)
	at org.junit.runners.model.FrameworkMethod$1.runReflectiveCall(FrameworkMethod.java:47)
	at org.junit.internal.runners.model.ReflectiveCallable.run(ReflectiveCallable.java:12)
	at org.junit.runners.model.FrameworkMethod.invokeExplosively(FrameworkMethod.java:44)
	at org.junit.internal.runners.statements.InvokeMethod.evaluate(InvokeMethod.java:17)
	at org.junit.runners.ParentRunner.runLeaf(ParentRunner.java:271)
	at org.junit.runners.BlockJUnit4ClassRunner.runChild(BlockJUnit4ClassRunner.java:70)
	at org.junit.runners.BlockJUnit4ClassRunner.runChild(BlockJUnit4ClassRunner.java:50)
	at org.junit.runners.ParentRunner$3.run(ParentRunner.java:238)
	at org.junit.runners.ParentRunner$1.schedule(ParentRunner.java:63)
	at org.junit.runners.ParentRunner.runChildren(ParentRunner.java:236)
	at org.junit.runners.ParentRunner.access$000(ParentRunner.java:53)
	at org.junit.runners.ParentRunner$2.evaluate(ParentRunner.java:229)
	at org.junit.runners.ParentRunner.run(ParentRunner.java:309)
	at org.eclipse.jdt.internal.junit4.runner.JUnit4TestReference.run(JUnit4TestReference.java:50)
	at org.eclipse.jdt.internal.junit.runner.TestExecution.run(TestExecution.java:38)
	at org.eclipse.jdt.internal.junit.runner.RemoteTestRunner.runTests(RemoteTestRunner.java:459)
	at org.eclipse.jdt.internal.junit.runner.RemoteTestRunner.runTests(RemoteTestRunner.java:675)
	at org.eclipse.jdt.internal.junit.runner.RemoteTestRunner.run(RemoteTestRunner.java:382)
	at org.eclipse.jdt.internal.junit.runner.RemoteTestRunner.main(RemoteTestRunner.java:192)


** END NESTED EXCEPTION **



Last packet sent to the server was 0 ms ago.)
2015-01-13 14:33:30  INFO ClassPathXmlApplicationContext:513 - Refreshing org.springframework.context.support.ClassPathXmlApplicationContext@233c0b17: startup date [Tue Jan 13 14:33:30 CST 2015]; root of context hierarchy
2015-01-13 14:33:31  INFO XmlBeanDefinitionReader:316 - Loading XML bean definitions from class path resource [ApplicationContext.xml]
2015-01-13 14:33:32  INFO HibernateTransactionManager:339 - Using DataSource [org.apache.commons.dbcp.BasicDataSource@b78a709] of Hibernate SessionFactory for HibernateTransactionManager
2015-01-13 14:34:09  INFO ClassPathXmlApplicationContext:513 - Refreshing org.springframework.context.support.ClassPathXmlApplicationContext@233c0b17: startup date [Tue Jan 13 14:34:09 CST 2015]; root of context hierarchy
2015-01-13 14:34:09  INFO XmlBeanDefinitionReader:316 - Loading XML bean definitions from class path resource [ApplicationContext.xml]
2015-01-13 14:34:11  INFO HibernateTransactionManager:339 - Using DataSource [org.apache.commons.dbcp.BasicDataSource@b78a709] of Hibernate SessionFactory for HibernateTransactionManager
2015-01-13 14:34:41  INFO ClassPathXmlApplicationContext:513 - Refreshing org.springframework.context.support.ClassPathXmlApplicationContext@233c0b17: startup date [Tue Jan 13 14:34:41 CST 2015]; root of context hierarchy
2015-01-13 14:34:41  INFO XmlBeanDefinitionReader:316 - Loading XML bean definitions from class path resource [ApplicationContext.xml]
2015-01-13 14:34:43  INFO HibernateTransactionManager:339 - Using DataSource [org.apache.commons.dbcp.BasicDataSource@b78a709] of Hibernate SessionFactory for HibernateTransactionManager
2015-01-13 14:37:36  INFO ClassPathXmlApplicationContext:513 - Refreshing org.springframework.context.support.ClassPathXmlApplicationContext@233c0b17: startup date [Tue Jan 13 14:37:36 CST 2015]; root of context hierarchy
2015-01-13 14:37:36  INFO XmlBeanDefinitionReader:316 - Loading XML bean definitions from class path resource [ApplicationContext.xml]
2015-01-13 14:37:38  INFO HibernateTransactionManager:339 - Using DataSource [org.apache.commons.dbcp.BasicDataSource@b78a709] of Hibernate SessionFactory for HibernateTransactionManager
2015-01-13 14:48:38  INFO ClassPathXmlApplicationContext:513 - Refreshing org.springframework.context.support.ClassPathXmlApplicationContext@233c0b17: startup date [Tue Jan 13 14:48:38 CST 2015]; root of context hierarchy
2015-01-13 14:48:38  INFO XmlBeanDefinitionReader:316 - Loading XML bean definitions from class path resource [ApplicationContext.xml]
2015-01-13 14:49:51  INFO ClassPathXmlApplicationContext:513 - Refreshing org.springframework.context.support.ClassPathXmlApplicationContext@233c0b17: startup date [Tue Jan 13 14:49:51 CST 2015]; root of context hierarchy
2015-01-13 14:49:51  INFO XmlBeanDefinitionReader:316 - Loading XML bean definitions from class path resource [ApplicationContext.xml]
2015-01-13 14:50:51  INFO ClassPathXmlApplicationContext:513 - Refreshing org.springframework.context.support.ClassPathXmlApplicationContext@7006c658: startup date [Tue Jan 13 14:50:51 CST 2015]; root of context hierarchy
2015-01-13 14:50:51  INFO XmlBeanDefinitionReader:316 - Loading XML bean definitions from class path resource [ApplicationContext.xml]
2015-01-13 14:59:10  INFO ClassPathXmlApplicationContext:513 - Refreshing org.springframework.context.support.ClassPathXmlApplicationContext@7006c658: startup date [Tue Jan 13 14:59:10 CST 2015]; root of context hierarchy
2015-01-13 14:59:10  INFO XmlBeanDefinitionReader:316 - Loading XML bean definitions from class path resource [ApplicationContext.xml]
2015-01-13 15:00:15  INFO ClassPathXmlApplicationContext:513 - Refreshing org.springframework.context.support.ClassPathXmlApplicationContext@7006c658: startup date [Tue Jan 13 15:00:15 CST 2015]; root of context hierarchy
2015-01-13 15:00:15  INFO XmlBeanDefinitionReader:316 - Loading XML bean definitions from class path resource [ApplicationContext.xml]
2015-01-13 15:04:24  INFO ClassPathXmlApplicationContext:513 - Refreshing org.springframework.context.support.ClassPathXmlApplicationContext@7006c658: startup date [Tue Jan 13 15:04:24 CST 2015]; root of context hierarchy
2015-01-13 15:04:24  INFO XmlBeanDefinitionReader:316 - Loading XML bean definitions from class path resource [ApplicationContext.xml]
2015-01-13 15:12:18  INFO ClassPathXmlApplicationContext:513 - Refreshing org.springframework.context.support.ClassPathXmlApplicationContext@7006c658: startup date [Tue Jan 13 15:12:18 CST 2015]; root of context hierarchy
2015-01-13 15:12:18  INFO XmlBeanDefinitionReader:316 - Loading XML bean definitions from class path resource [ApplicationContext.xml]
2015-01-13 15:12:51  INFO ClassPathXmlApplicationContext:513 - Refreshing org.springframework.context.support.ClassPathXmlApplicationContext@47fd17e3: startup date [Tue Jan 13 15:12:51 CST 2015]; root of context hierarchy
2015-01-13 15:12:51  INFO XmlBeanDefinitionReader:316 - Loading XML bean definitions from class path resource [ApplicationContext.xml]
2015-01-13 15:12:53  INFO HibernateTransactionManager:339 - Using DataSource [org.apache.commons.dbcp.BasicDataSource@1643d68f] of Hibernate SessionFactory for HibernateTransactionManager
2015-01-13 15:13:59  INFO ClassPathXmlApplicationContext:513 - Refreshing org.springframework.context.support.ClassPathXmlApplicationContext@47fd17e3: startup date [Tue Jan 13 15:13:59 CST 2015]; root of context hierarchy
2015-01-13 15:13:59  INFO XmlBeanDefinitionReader:316 - Loading XML bean definitions from class path resource [ApplicationContext.xml]
2015-01-13 15:14:01  INFO HibernateTransactionManager:339 - Using DataSource [org.apache.commons.dbcp.BasicDataSource@1643d68f] of Hibernate SessionFactory for HibernateTransactionManager
2015-01-13 15:15:07  INFO ClassPathXmlApplicationContext:513 - Refreshing org.springframework.context.support.ClassPathXmlApplicationContext@47fd17e3: startup date [Tue Jan 13 15:15:07 CST 2015]; root of context hierarchy
2015-01-13 15:15:07  INFO XmlBeanDefinitionReader:316 - Loading XML bean definitions from class path resource [ApplicationContext.xml]
2015-01-13 15:15:09  INFO HibernateTransactionManager:339 - Using DataSource [org.apache.commons.dbcp.BasicDataSource@1643d68f] of Hibernate SessionFactory for HibernateTransactionManager
2015-01-13 15:16:48  INFO ClassPathXmlApplicationContext:513 - Refreshing org.springframework.context.support.ClassPathXmlApplicationContext@47fd17e3: startup date [Tue Jan 13 15:16:48 CST 2015]; root of context hierarchy
2015-01-13 15:16:48  INFO XmlBeanDefinitionReader:316 - Loading XML bean definitions from class path resource [ApplicationContext.xml]
2015-01-13 15:16:50  INFO HibernateTransactionManager:339 - Using DataSource [org.apache.commons.dbcp.BasicDataSource@1643d68f] of Hibernate SessionFactory for HibernateTransactionManager
2015-01-13 15:23:13  INFO ClassPathXmlApplicationContext:513 - Refreshing org.springframework.context.support.ClassPathXmlApplicationContext@d83da2e: startup date [Tue Jan 13 15:23:13 CST 2015]; root of context hierarchy
2015-01-13 15:23:13  INFO XmlBeanDefinitionReader:316 - Loading XML bean definitions from class path resource [ApplicationContext.xml]
2015-01-13 15:23:21  INFO HibernateTransactionManager:339 - Using DataSource [org.apache.commons.dbcp.BasicDataSource@3f985a86] of Hibernate SessionFactory for HibernateTransactionManager
2015-01-13 15:23:30  INFO ClassPathXmlApplicationContext:513 - Refreshing org.springframework.context.support.ClassPathXmlApplicationContext@47fd17e3: startup date [Tue Jan 13 15:23:30 CST 2015]; root of context hierarchy
2015-01-13 15:23:30  INFO XmlBeanDefinitionReader:316 - Loading XML bean definitions from class path resource [ApplicationContext.xml]
2015-01-13 15:23:32  INFO HibernateTransactionManager:339 - Using DataSource [org.apache.commons.dbcp.BasicDataSource@675d8c96] of Hibernate SessionFactory for HibernateTransactionManager
2015-01-13 15:25:17  INFO ClassPathXmlApplicationContext:513 - Refreshing org.springframework.context.support.ClassPathXmlApplicationContext@47fd17e3: startup date [Tue Jan 13 15:25:17 CST 2015]; root of context hierarchy
2015-01-13 15:25:18  INFO XmlBeanDefinitionReader:316 - Loading XML bean definitions from class path resource [ApplicationContext.xml]
2015-01-13 15:25:19  INFO HibernateTransactionManager:339 - Using DataSource [org.apache.commons.dbcp.BasicDataSource@45be7cd5] of Hibernate SessionFactory for HibernateTransactionManager
2015-01-13 15:29:41  INFO ClassPathXmlApplicationContext:513 - Refreshing org.springframework.context.support.ClassPathXmlApplicationContext@47fd17e3: startup date [Tue Jan 13 15:29:41 CST 2015]; root of context hierarchy
2015-01-13 15:29:41  INFO XmlBeanDefinitionReader:316 - Loading XML bean definitions from class path resource [ApplicationContext.xml]
2015-01-13 15:30:44  INFO ClassPathXmlApplicationContext:513 - Refreshing org.springframework.context.support.ClassPathXmlApplicationContext@47fd17e3: startup date [Tue Jan 13 15:30:44 CST 2015]; root of context hierarchy
2015-01-13 15:30:44  INFO XmlBeanDefinitionReader:316 - Loading XML bean definitions from class path resource [ApplicationContext.xml]
2015-01-13 15:30:46  INFO HibernateTransactionManager:339 - Using DataSource [org.apache.commons.dbcp.BasicDataSource@45be7cd5] of Hibernate SessionFactory for HibernateTransactionManager
2015-01-13 15:41:15  INFO ClassPathXmlApplicationContext:513 - Refreshing org.springframework.context.support.ClassPathXmlApplicationContext@47fd17e3: startup date [Tue Jan 13 15:41:15 CST 2015]; root of context hierarchy
2015-01-13 15:41:15  INFO XmlBeanDefinitionReader:316 - Loading XML bean definitions from class path resource [ApplicationContext.xml]
2015-01-13 15:41:17  INFO HibernateTransactionManager:339 - Using DataSource [org.apache.commons.dbcp.BasicDataSource@45be7cd5] of Hibernate SessionFactory for HibernateTransactionManager
2015-01-13 15:41:46  INFO ClassPathXmlApplicationContext:513 - Refreshing org.springframework.context.support.ClassPathXmlApplicationContext@47fd17e3: startup date [Tue Jan 13 15:41:46 CST 2015]; root of context hierarchy
2015-01-13 15:41:46  INFO XmlBeanDefinitionReader:316 - Loading XML bean definitions from class path resource [ApplicationContext.xml]
2015-01-13 15:41:48  INFO HibernateTransactionManager:339 - Using DataSource [org.apache.commons.dbcp.BasicDataSource@45be7cd5] of Hibernate SessionFactory for HibernateTransactionManager
2015-01-13 15:42:01  INFO ClassPathXmlApplicationContext:513 - Refreshing org.springframework.context.support.ClassPathXmlApplicationContext@47fd17e3: startup date [Tue Jan 13 15:42:01 CST 2015]; root of context hierarchy
2015-01-13 15:42:01  INFO XmlBeanDefinitionReader:316 - Loading XML bean definitions from class path resource [ApplicationContext.xml]
2015-01-13 15:42:03  INFO HibernateTransactionManager:339 - Using DataSource [org.apache.commons.dbcp.BasicDataSource@45be7cd5] of Hibernate SessionFactory for HibernateTransactionManager
2015-01-13 15:43:44  INFO ClassPathXmlApplicationContext:513 - Refreshing org.springframework.context.support.ClassPathXmlApplicationContext@45dd4eda: startup date [Tue Jan 13 15:43:44 CST 2015]; root of context hierarchy
2015-01-13 15:43:44  INFO XmlBeanDefinitionReader:316 - Loading XML bean definitions from class path resource [ApplicationContext.xml]
2015-01-13 15:43:52  INFO HibernateTransactionManager:339 - Using DataSource [org.apache.commons.dbcp.BasicDataSource@73437222] of Hibernate SessionFactory for HibernateTransactionManager
2015-01-13 15:44:19  INFO ClassPathXmlApplicationContext:513 - Refreshing org.springframework.context.support.ClassPathXmlApplicationContext@2a869a16: startup date [Tue Jan 13 15:44:19 CST 2015]; root of context hierarchy
2015-01-13 15:44:19  INFO XmlBeanDefinitionReader:316 - Loading XML bean definitions from class path resource [ApplicationContext.xml]
2015-01-13 15:44:20  INFO HibernateTransactionManager:339 - Using DataSource [org.apache.commons.dbcp.BasicDataSource@527fc8e] of Hibernate SessionFactory for HibernateTransactionManager
2015-01-13 15:48:09  INFO ClassPathXmlApplicationContext:513 - Refreshing org.springframework.context.support.ClassPathXmlApplicationContext@233c0b17: startup date [Tue Jan 13 15:48:09 CST 2015]; root of context hierarchy
2015-01-13 15:48:09  INFO XmlBeanDefinitionReader:316 - Loading XML bean definitions from class path resource [ApplicationContext.xml]
2015-01-13 15:48:11  INFO HibernateTransactionManager:339 - Using DataSource [org.apache.commons.dbcp.BasicDataSource@3efe7086] of Hibernate SessionFactory for HibernateTransactionManager
2015-01-13 15:48:12  INFO ClassPathXmlApplicationContext:513 - Refreshing org.springframework.context.support.ClassPathXmlApplicationContext@51c929ae: startup date [Tue Jan 13 15:48:12 CST 2015]; root of context hierarchy
2015-01-13 15:48:12  INFO XmlBeanDefinitionReader:316 - Loading XML bean definitions from class path resource [ApplicationContext.xml]
2015-01-13 15:48:12  INFO HibernateTransactionManager:339 - Using DataSource [org.apache.commons.dbcp.BasicDataSource@5a12c728] of Hibernate SessionFactory for HibernateTransactionManager
2015-01-13 15:48:23  INFO ClassPathXmlApplicationContext:513 - Refreshing org.springframework.context.support.ClassPathXmlApplicationContext@47fd17e3: startup date [Tue Jan 13 15:48:23 CST 2015]; root of context hierarchy
2015-01-13 15:48:23  INFO XmlBeanDefinitionReader:316 - Loading XML bean definitions from class path resource [ApplicationContext.xml]
2015-01-13 15:48:25  INFO HibernateTransactionManager:339 - Using DataSource [org.apache.commons.dbcp.BasicDataSource@45be7cd5] of Hibernate SessionFactory for HibernateTransactionManager
2015-01-13 15:51:02  INFO ClassPathXmlApplicationContext:513 - Refreshing org.springframework.context.support.ClassPathXmlApplicationContext@47fd17e3: startup date [Tue Jan 13 15:51:02 CST 2015]; root of context hierarchy
2015-01-13 15:51:02  INFO XmlBeanDefinitionReader:316 - Loading XML bean definitions from class path resource [ApplicationContext.xml]
2015-01-13 15:51:04  INFO HibernateTransactionManager:339 - Using DataSource [org.apache.commons.dbcp.BasicDataSource@45be7cd5] of Hibernate SessionFactory for HibernateTransactionManager
2015-01-13 15:51:16  INFO ClassPathXmlApplicationContext:513 - Refreshing org.springframework.context.support.ClassPathXmlApplicationContext@47fd17e3: startup date [Tue Jan 13 15:51:16 CST 2015]; root of context hierarchy
2015-01-13 15:51:16  INFO XmlBeanDefinitionReader:316 - Loading XML bean definitions from class path resource [ApplicationContext.xml]
2015-01-13 15:51:18  INFO HibernateTransactionManager:339 - Using DataSource [org.apache.commons.dbcp.BasicDataSource@45be7cd5] of Hibernate SessionFactory for HibernateTransactionManager
2015-01-19 16:31:33  INFO Log4jTest:13 - This is info message.
2015-01-19 16:31:33 ERROR Log4jTest:15 - This is error message.
2015-01-25 01:35:04  INFO ClassPathXmlApplicationContext:513 - Refreshing org.springframework.context.support.ClassPathXmlApplicationContext@71c8becc: startup date [Sun Jan 25 01:35:04 CST 2015]; root of context hierarchy
2015-01-25 01:35:04  INFO XmlBeanDefinitionReader:316 - Loading XML bean definitions from class path resource [ApplicationContext.xml]
2015-01-25 01:35:07  INFO HibernateTransactionManager:339 - Using DataSource [org.apache.commons.dbcp.BasicDataSource@35e8316e] of Hibernate SessionFactory for HibernateTransactionManager
2015-01-25 01:36:05  INFO ClassPathXmlApplicationContext:513 - Refreshing org.springframework.context.support.ClassPathXmlApplicationContext@71c8becc: startup date [Sun Jan 25 01:36:05 CST 2015]; root of context hierarchy
2015-01-25 01:36:05  INFO XmlBeanDefinitionReader:316 - Loading XML bean definitions from class path resource [ApplicationContext.xml]
2015-01-25 01:37:34  INFO ClassPathXmlApplicationContext:513 - Refreshing org.springframework.context.support.ClassPathXmlApplicationContext@71c8becc: startup date [Sun Jan 25 01:37:34 CST 2015]; root of context hierarchy
2015-01-25 01:37:34  INFO XmlBeanDefinitionReader:316 - Loading XML bean definitions from class path resource [ApplicationContext.xml]
2015-01-25 01:38:20  INFO ClassPathXmlApplicationContext:513 - Refreshing org.springframework.context.support.ClassPathXmlApplicationContext@7907ec20: startup date [Sun Jan 25 01:38:20 CST 2015]; root of context hierarchy
2015-01-25 01:38:20  INFO XmlBeanDefinitionReader:316 - Loading XML bean definitions from class path resource [ApplicationContext.xml]
2015-01-25 01:39:12  INFO ClassPathXmlApplicationContext:513 - Refreshing org.springframework.context.support.ClassPathXmlApplicationContext@7907ec20: startup date [Sun Jan 25 01:39:12 CST 2015]; root of context hierarchy
2015-01-25 01:39:12  INFO XmlBeanDefinitionReader:316 - Loading XML bean definitions from class path resource [ApplicationContext.xml]
2015-01-25 01:40:38  INFO ClassPathXmlApplicationContext:513 - Refreshing org.springframework.context.support.ClassPathXmlApplicationContext@7907ec20: startup date [Sun Jan 25 01:40:38 CST 2015]; root of context hierarchy
2015-01-25 01:40:38  INFO XmlBeanDefinitionReader:316 - Loading XML bean definitions from class path resource [ApplicationContext.xml]
2015-01-25 01:42:12  INFO ClassPathXmlApplicationContext:513 - Refreshing org.springframework.context.support.ClassPathXmlApplicationContext@6107227e: startup date [Sun Jan 25 01:42:12 CST 2015]; root of context hierarchy
2015-01-25 01:42:12  INFO XmlBeanDefinitionReader:316 - Loading XML bean definitions from class path resource [ApplicationContext.xml]
2015-01-25 01:49:28  INFO ClassPathXmlApplicationContext:513 - Refreshing org.springframework.context.support.ClassPathXmlApplicationContext@7907ec20: startup date [Sun Jan 25 01:49:28 CST 2015]; root of context hierarchy
2015-01-25 01:49:28  INFO XmlBeanDefinitionReader:316 - Loading XML bean definitions from class path resource [ApplicationContext.xml]
2015-01-25 01:49:30  INFO HibernateTransactionManager:339 - Using DataSource [org.apache.commons.dbcp.BasicDataSource@3d08f3f5] of Hibernate SessionFactory for HibernateTransactionManager
2015-01-25 01:50:51  INFO ClassPathXmlApplicationContext:513 - Refreshing org.springframework.context.support.ClassPathXmlApplicationContext@7907ec20: startup date [Sun Jan 25 01:50:51 CST 2015]; root of context hierarchy
2015-01-25 01:50:52  INFO XmlBeanDefinitionReader:316 - Loading XML bean definitions from class path resource [ApplicationContext.xml]
2015-01-25 01:50:54  INFO HibernateTransactionManager:339 - Using DataSource [org.apache.commons.dbcp.BasicDataSource@3d08f3f5] of Hibernate SessionFactory for HibernateTransactionManager
2015-01-25 01:52:22  INFO ClassPathXmlApplicationContext:513 - Refreshing org.springframework.context.support.ClassPathXmlApplicationContext@7907ec20: startup date [Sun Jan 25 01:52:22 CST 2015]; root of context hierarchy
2015-01-25 01:52:22  INFO XmlBeanDefinitionReader:316 - Loading XML bean definitions from class path resource [ApplicationContext.xml]
2015-01-25 01:53:03  INFO ClassPathXmlApplicationContext:513 - Refreshing org.springframework.context.support.ClassPathXmlApplicationContext@7907ec20: startup date [Sun Jan 25 01:53:03 CST 2015]; root of context hierarchy
2015-01-25 01:53:04  INFO XmlBeanDefinitionReader:316 - Loading XML bean definitions from class path resource [ApplicationContext.xml]
2015-01-25 01:56:50  INFO ClassPathXmlApplicationContext:513 - Refreshing org.springframework.context.support.ClassPathXmlApplicationContext@7907ec20: startup date [Sun Jan 25 01:56:50 CST 2015]; root of context hierarchy
2015-01-25 01:56:50  INFO XmlBeanDefinitionReader:316 - Loading XML bean definitions from class path resource [ApplicationContext.xml]
2015-01-25 02:05:41  INFO ClassPathXmlApplicationContext:513 - Refreshing org.springframework.context.support.ClassPathXmlApplicationContext@7907ec20: startup date [Sun Jan 25 02:05:41 CST 2015]; root of context hierarchy
2015-01-25 02:05:41  INFO XmlBeanDefinitionReader:316 - Loading XML bean definitions from class path resource [ApplicationContext.xml]
2015-01-25 02:05:43  INFO HibernateTransactionManager:339 - Using DataSource [org.apache.commons.dbcp.BasicDataSource@3d08f3f5] of Hibernate SessionFactory for HibernateTransactionManager
2015-01-25 21:23:48  INFO ClassPathXmlApplicationContext:513 - Refreshing org.springframework.context.support.ClassPathXmlApplicationContext@71c8becc: startup date [Sun Jan 25 21:23:48 CST 2015]; root of context hierarchy
2015-01-25 21:23:49  INFO XmlBeanDefinitionReader:316 - Loading XML bean definitions from class path resource [ApplicationContext.xml]
2015-01-25 21:23:52  INFO HibernateTransactionManager:339 - Using DataSource [org.apache.commons.dbcp.BasicDataSource@4d654825] of Hibernate SessionFactory for HibernateTransactionManager
2015-01-25 21:31:38  INFO ClassPathXmlApplicationContext:513 - Refreshing org.springframework.context.support.ClassPathXmlApplicationContext@71c8becc: startup date [Sun Jan 25 21:31:38 CST 2015]; root of context hierarchy
2015-01-25 21:31:39  INFO XmlBeanDefinitionReader:316 - Loading XML bean definitions from class path resource [ApplicationContext.xml]
2015-01-25 21:31:42  INFO HibernateTransactionManager:339 - Using DataSource [org.apache.commons.dbcp.BasicDataSource@2d0ecb24] of Hibernate SessionFactory for HibernateTransactionManager
2015-01-25 21:35:20  INFO ClassPathXmlApplicationContext:513 - Refreshing org.springframework.context.support.ClassPathXmlApplicationContext@7907ec20: startup date [Sun Jan 25 21:35:20 CST 2015]; root of context hierarchy
2015-01-25 21:35:21  INFO XmlBeanDefinitionReader:316 - Loading XML bean definitions from class path resource [ApplicationContext.xml]
2015-01-25 21:35:24  INFO HibernateTransactionManager:339 - Using DataSource [org.apache.commons.dbcp.BasicDataSource@53e211ee] of Hibernate SessionFactory for HibernateTransactionManager
2015-01-25 21:35:44  INFO ClassPathXmlApplicationContext:513 - Refreshing org.springframework.context.support.ClassPathXmlApplicationContext@7907ec20: startup date [Sun Jan 25 21:35:44 CST 2015]; root of context hierarchy
2015-01-25 21:35:44  INFO XmlBeanDefinitionReader:316 - Loading XML bean definitions from class path resource [ApplicationContext.xml]
2015-01-25 21:35:47  INFO HibernateTransactionManager:339 - Using DataSource [org.apache.commons.dbcp.BasicDataSource@53e211ee] of Hibernate SessionFactory for HibernateTransactionManager
